  main.cpp
e:\myproject\learnffmpeg\threepart\include\libavutil\rational.h : warning C4819: The file contains a character that cannot be represented in the current code page (936). Save the file in Unicode format to prevent data loss
e:\myproject\learnffmpeg\code\demo01\win\tutorial\tutorial\main.cpp(46): warning C4996: 'fopen': This function or variable may be unsafe. Consider using fopen_s instead. To disable deprecation, use _CRT_SECURE_NO_WARNINGS. See online help for details.
  c:\program files (x86)\windows kits\10\include\10.0.10240.0\ucrt\stdio.h(205): note: see declaration of 'fopen'
e:\myproject\learnffmpeg\code\demo01\win\tutorial\tutorial\main.cpp(80): warning C4996: 'sprintf': This function or variable may be unsafe. Consider using sprintf_s instead. To disable deprecation, use _CRT_SECURE_NO_WARNINGS. See online help for details.
  c:\program files (x86)\windows kits\10\include\10.0.10240.0\ucrt\stdio.h(1769): note: see declaration of 'sprintf'
e:\myproject\learnffmpeg\code\demo01\win\tutorial\tutorial\main.cpp(81): warning C4996: 'fopen': This function or variable may be unsafe. Consider using fopen_s instead. To disable deprecation, use _CRT_SECURE_NO_WARNINGS. See online help for details.
  c:\program files (x86)\windows kits\10\include\10.0.10240.0\ucrt\stdio.h(205): note: see declaration of 'fopen'
e:\myproject\learnffmpeg\code\demo01\win\tutorial\tutorial\main.cpp(97): warning C4996: 'sprintf': This function or variable may be unsafe. Consider using sprintf_s instead. To disable deprecation, use _CRT_SECURE_NO_WARNINGS. See online help for details.
  c:\program files (x86)\windows kits\10\include\10.0.10240.0\ucrt\stdio.h(1769): note: see declaration of 'sprintf'
e:\myproject\learnffmpeg\code\demo01\win\tutorial\tutorial\main.cpp(143): warning C4018: '<': signed/unsigned mismatch
e:\myproject\learnffmpeg\code\demo01\win\tutorial\tutorial\main.cpp(145): warning C4996: 'AVStream::codec': was declared deprecated
  e:\myproject\learnffmpeg\threepart\include\libavformat\avformat.h(878): note: see declaration of 'AVStream::codec'
e:\myproject\learnffmpeg\code\demo01\win\tutorial\tutorial\main.cpp(157): warning C4996: 'AVStream::codec': was declared deprecated
  e:\myproject\learnffmpeg\threepart\include\libavformat\avformat.h(878): note: see declaration of 'AVStream::codec'
e:\myproject\learnffmpeg\code\demo01\win\tutorial\tutorial\main.cpp(122): warning C4996: 'av_register_all': was declared deprecated
  e:\myproject\learnffmpeg\threepart\include\libavformat\avformat.h(2043): note: see declaration of 'av_register_all'
e:\myproject\learnffmpeg\code\demo01\win\tutorial\tutorial\main.cpp(183): warning C4996: 'avpicture_get_size': was declared deprecated
  e:\myproject\learnffmpeg\threepart\include\libavcodec\avcodec.h(5449): note: see declaration of 'avpicture_get_size'
e:\myproject\learnffmpeg\code\demo01\win\tutorial\tutorial\main.cpp(187): warning C4996: 'avpicture_fill': was declared deprecated
  e:\myproject\learnffmpeg\threepart\include\libavcodec\avcodec.h(5434): note: see declaration of 'avpicture_fill'
e:\myproject\learnffmpeg\code\demo01\win\tutorial\tutorial\main.cpp(195): warning C4996: 'avcodec_decode_video2': was declared deprecated
  e:\myproject\learnffmpeg\threepart\include\libavcodec\avcodec.h(4770): note: see declaration of 'avcodec_decode_video2'
e:\myproject\learnffmpeg\code\demo01\win\tutorial\tutorial\main.cpp(219): warning C4996: 'av_free_packet': was declared deprecated
  e:\myproject\learnffmpeg\threepart\include\libavcodec\avcodec.h(4415): note: see declaration of 'av_free_packet'
  Tutorial.vcxproj -> E:\myProject\Learnffmpeg\Code\demo01\Win\Tutorial\x64\Debug\Tutorial.exe
  Tutorial.vcxproj -> E:\myProject\Learnffmpeg\Code\demo01\Win\Tutorial\x64\Debug\Tutorial.pdb (Full PDB)
