main.obj : error LNK2019: unresolved external symbol "void * __cdecl av_malloc(unsigned int)" (?av_malloc@@YAPAXI@Z) referenced in function _main
main.obj : error LNK2019: unresolved external symbol "void __cdecl av_free(void *)" (?av_free@@YAXPAX@Z) referenced in function _main
main.obj : error LNK2019: unresolved external symbol "struct AVFrame * __cdecl av_frame_alloc(void)" (?av_frame_alloc@@YAPAUAVFrame@@XZ) referenced in function _main
main.obj : error LNK2019: unresolved external symbol "int __cdecl avcodec_open2(struct AVCodecContext *,struct AVCodec const *,struct AVDictionary * *)" (?avcodec_open2@@YAHPAUAVCodecContext@@PBUAVCodec@@PAPAUAVDictionary@@@Z) referenced in function _main
main.obj : error LNK2019: unresolved external symbol "int __cdecl avcodec_close(struct AVCodecContext *)" (?avcodec_close@@YAHPAUAVCodecContext@@@Z) referenced in function _main
main.obj : error LNK2019: unresolved external symbol "void __cdecl av_free_packet(struct AVPacket *)" (?av_free_packet@@YAXPAUAVPacket@@@Z) referenced in function _main
main.obj : error LNK2019: unresolved external symbol "struct AVCodec * __cdecl avcodec_find_decoder(enum AVCodecID)" (?avcodec_find_decoder@@YAPAUAVCodec@@W4AVCodecID@@@Z) referenced in function _main
main.obj : error LNK2019: unresolved external symbol "int __cdecl avcodec_decode_video2(struct AVCodecContext *,struct AVFrame *,int *,struct AVPacket const *)" (?avcodec_decode_video2@@YAHPAUAVCodecContext@@PAUAVFrame@@PAHPBUAVPacket@@@Z) referenced in function _main
main.obj : error LNK2019: unresolved external symbol "int __cdecl avpicture_fill(struct AVPicture *,unsigned char const *,enum AVPixelFormat,int,int)" (?avpicture_fill@@YAHPAUAVPicture@@PBEW4AVPixelFormat@@HH@Z) referenced in function _main
main.obj : error LNK2019: unresolved external symbol "int __cdecl avpicture_get_size(enum AVPixelFormat,int,int)" (?avpicture_get_size@@YAHW4AVPixelFormat@@HH@Z) referenced in function _main
main.obj : error LNK2019: unresolved external symbol "void __cdecl av_register_all(void)" (?av_register_all@@YAXXZ) referenced in function _main
main.obj : error LNK2019: unresolved external symbol "int __cdecl avformat_network_init(void)" (?avformat_network_init@@YAHXZ) referenced in function _main
main.obj : error LNK2019: unresolved external symbol "struct AVFormatContext * __cdecl avformat_alloc_context(void)" (?avformat_alloc_context@@YAPAUAVFormatContext@@XZ) referenced in function _main
main.obj : error LNK2019: unresolved external symbol "int __cdecl avformat_open_input(struct AVFormatContext * *,char const *,struct AVInputFormat *,struct AVDictionary * *)" (?avformat_open_input@@YAHPAPAUAVFormatContext@@PBDPAUAVInputFormat@@PAPAUAVDictionary@@@Z) referenced in function _main
main.obj : error LNK2019: unresolved external symbol "int __cdecl avformat_find_stream_info(struct AVFormatContext *,struct AVDictionary * *)" (?avformat_find_stream_info@@YAHPAUAVFormatContext@@PAPAUAVDictionary@@@Z) referenced in function _main
main.obj : error LNK2019: unresolved external symbol "int __cdecl av_read_frame(struct AVFormatContext *,struct AVPacket *)" (?av_read_frame@@YAHPAUAVFormatContext@@PAUAVPacket@@@Z) referenced in function _main
main.obj : error LNK2019: unresolved external symbol "void __cdecl avformat_close_input(struct AVFormatContext * *)" (?avformat_close_input@@YAXPAPAUAVFormatContext@@@Z) referenced in function _main
main.obj : error LNK2019: unresolved external symbol "void __cdecl av_dump_format(struct AVFormatContext *,int,char const *,int)" (?av_dump_format@@YAXPAUAVFormatContext@@HPBDH@Z) referenced in function _main
main.obj : error LNK2019: unresolved external symbol "int __cdecl sws_scale(struct SwsContext *,unsigned char const * const * const,int const * const,int,int,unsigned char * const * const,int const * const)" (?sws_scale@@YAHPAUSwsContext@@QBQBEQBHHHQBQAE2@Z) referenced in function _main
main.obj : error LNK2019: unresolved external symbol "struct SwsContext * __cdecl sws_getCachedContext(struct SwsContext *,int,int,enum AVPixelFormat,int,int,enum AVPixelFormat,int,struct SwsFilter *,struct SwsFilter *,double const *)" (?sws_getCachedContext@@YAPAUSwsContext@@PAU1@HHW4AVPixelFormat@@HH1HPAUSwsFilter@@2PBN@Z) referenced in function _main
E:\myProject\Learnffmpeg\Code\demo01\Win\Tutorial\\..\..\..\..\ThreePart\Windows\lib\avcodec.lib : warning LNK4272: library machine type 'x64' conflicts with target machine type 'X86'
E:\myProject\Learnffmpeg\Code\demo01\Win\Tutorial\\..\..\..\..\ThreePart\Windows\lib\avdevice.lib : warning LNK4272: library machine type 'x64' conflicts with target machine type 'X86'
E:\myProject\Learnffmpeg\Code\demo01\Win\Tutorial\\..\..\..\..\ThreePart\Windows\lib\avfilter.lib : warning LNK4272: library machine type 'x64' conflicts with target machine type 'X86'
E:\myProject\Learnffmpeg\Code\demo01\Win\Tutorial\\..\..\..\..\ThreePart\Windows\lib\avformat.lib : warning LNK4272: library machine type 'x64' conflicts with target machine type 'X86'
E:\myProject\Learnffmpeg\Code\demo01\Win\Tutorial\\..\..\..\..\ThreePart\Windows\lib\avutil.lib : warning LNK4272: library machine type 'x64' conflicts with target machine type 'X86'
E:\myProject\Learnffmpeg\Code\demo01\Win\Tutorial\\..\..\..\..\ThreePart\Windows\lib\postproc.lib : warning LNK4272: library machine type 'x64' conflicts with target machine type 'X86'
E:\myProject\Learnffmpeg\Code\demo01\Win\Tutorial\\..\..\..\..\ThreePart\Windows\lib\swresample.lib : warning LNK4272: library machine type 'x64' conflicts with target machine type 'X86'
E:\myProject\Learnffmpeg\Code\demo01\Win\Tutorial\\..\..\..\..\ThreePart\Windows\lib\swscale.lib : warning LNK4272: library machine type 'x64' conflicts with target machine type 'X86'
E:\myProject\Learnffmpeg\Code\demo01\Win\Tutorial\Debug\Tutorial.exe : fatal error LNK1120: 20 unresolved externals
